TN:
SF:/Users/damsc94/Documents/desarollo/pruebas-javascrit/node/platziserve/platziserve-db/index.js
FN:10,(anonymous_0)
FNF:1
FNH:1
FNDA:13,(anonymous_0)
DA:3,13
DA:4,13
DA:5,13
DA:6,13
DA:7,13
DA:8,13
DA:10,13
DA:11,13
DA:22,13
DA:23,13
DA:24,13
DA:25,13
DA:26,13
DA:28,13
DA:29,13
DA:30,0
DA:32,13
DA:33,13
DA:34,13
LF:19
LH:18
BRDA:29,0,0,0
BRDA:29,0,1,13
BRF:2
BRH:1
end_of_record
TN:
SF:/Users/damsc94/Documents/desarollo/pruebas-javascrit/node/platziserve/platziserve-db/lib/agent.js
FN:3,setupAgent
FN:5,(anonymous_1)
FN:6,(anonymous_2)
FN:21,(anonymous_3)
FN:29,(anonymous_4)
FN:30,(anonymous_5)
FN:39,(anonymous_6)
FNF:7
FNH:7
FNDA:13,setupAgent
FNDA:1,(anonymous_1)
FNDA:2,(anonymous_2)
FNDA:1,(anonymous_3)
FNDA:1,(anonymous_4)
FNDA:1,(anonymous_5)
FNDA:1,(anonymous_6)
DA:3,2
DA:4,13
DA:5,1
DA:7,2
DA:12,2
DA:13,2
DA:14,1
DA:15,1
DA:18,1
DA:19,1
DA:22,1
DA:27,1
DA:29,1
DA:31,1
DA:37,1
DA:40,1
DA:46,1
LF:17
LH:17
BRDA:13,0,0,1
BRDA:13,0,1,1
BRDA:15,1,0,1
BRDA:15,1,1,0
BRF:4
BRH:3
end_of_record
TN:
SF:/Users/damsc94/Documents/desarollo/pruebas-javascrit/node/platziserve/platziserve-db/lib/db.js
FN:6,(anonymous_0)
FNF:1
FNH:1
FNDA:13,(anonymous_0)
DA:3,2
DA:4,2
DA:6,2
DA:7,13
DA:8,2
DA:10,13
LF:6
LH:6
BRDA:7,0,0,2
BRDA:7,0,1,11
BRF:2
BRH:2
end_of_record
TN:
SF:/Users/damsc94/Documents/desarollo/pruebas-javascrit/node/platziserve/platziserve-db/lib/metric.js
FN:3,setupMetric
FN:5,(anonymous_1)
FN:15,(anonymous_2)
FN:29,(anonymous_3)
FNF:4
FNH:4
FNDA:13,setupMetric
FNDA:1,(anonymous_1)
FNDA:1,(anonymous_2)
FNDA:1,(anonymous_3)
DA:3,2
DA:4,13
DA:6,1
DA:9,1
DA:10,1
DA:11,1
DA:12,1
DA:16,1
DA:27,1
DA:30,1
LF:10
LH:10
BRDA:9,0,0,1
BRDA:9,0,1,0
BRF:2
BRH:1
end_of_record
TN:
SF:/Users/damsc94/Documents/desarollo/pruebas-javascrit/node/platziserve/platziserve-db/models/agent.js
FN:6,setupAgentModel
FNF:1
FNH:0
FNDA:0,setupAgentModel
DA:3,2
DA:4,2
DA:6,2
DA:7,0
DA:8,0
LF:5
LH:3
BRF:0
BRH:0
end_of_record
TN:
SF:/Users/damsc94/Documents/desarollo/pruebas-javascrit/node/platziserve/platziserve-db/models/metric.js
FN:6,setupMetricModel
FNF:1
FNH:0
FNDA:0,setupMetricModel
DA:3,2
DA:4,2
DA:6,2
DA:7,0
DA:8,0
LF:5
LH:3
BRF:0
BRH:0
end_of_record
TN:
SF:/Users/damsc94/Documents/desarollo/pruebas-javascrit/node/platziserve/platziserve-db/models/fixtures/agent.js
FN:22,clone
FN:30,(anonymous_1)
FN:30,(anonymous_2)
FN:31,(anonymous_3)
FN:31,(anonymous_4)
FN:32,(anonymous_5)
FN:32,(anonymous_6)
FN:33,(anonymous_7)
FN:33,(anonymous_8)
FNF:9
FNH:7
FNDA:6,clone
FNDA:9,(anonymous_1)
FNDA:36,(anonymous_2)
FNDA:0,(anonymous_3)
FNDA:0,(anonymous_4)
FNDA:34,(anonymous_5)
FNDA:136,(anonymous_6)
FNDA:10,(anonymous_7)
FNDA:40,(anonymous_8)
DA:3,2
DA:15,2
DA:23,6
DA:24,6
DA:27,2
DA:30,36
DA:31,0
DA:32,136
DA:33,40
LF:9
LH:8
BRF:0
BRH:0
end_of_record
TN:
SF:/Users/damsc94/Documents/desarollo/pruebas-javascrit/node/platziserve/platziserve-db/models/fixtures/metric.js
FN:17,cloneMetric
FN:25,(anonymous_1)
FN:25,(anonymous_2)
FN:26,(anonymous_3)
FN:26,(anonymous_4)
FNF:5
FNH:5
FNDA:2,cloneMetric
FNDA:4,(anonymous_1)
FNDA:12,(anonymous_2)
FNDA:4,(anonymous_3)
FNDA:12,(anonymous_4)
DA:2,1
DA:4,1
DA:11,1
DA:18,2
DA:19,2
DA:22,1
DA:25,12
DA:26,12
LF:8
LH:8
BRDA:26,0,0,12
BRDA:26,0,1,8
BRF:2
BRH:2
end_of_record
